<?xml version="1.0" encoding="UTF-8"?>
<coverage generated="1741415941529" clover="3.2.0">
  <project timestamp="1741415941530" name="All files">
    <metrics statements="92" coveredstatements="83" conditionals="59" coveredconditionals="58" methods="20" coveredmethods="16" elements="171" coveredelements="157" complexity="0" loc="92" ncloc="92" packages="1" files="1" classes="1"/>
    <file name="server.js" path="C:\Users\rrerusu\Documents\classes\7 Spring 2024\COSC 4353\Assignment 1\backend-modules\server.js">
      <metrics statements="92" coveredstatements="83" conditionals="59" coveredconditionals="58" methods="20" coveredmethods="16"/>
      <line num="1" count="3" type="stmt"/>
      <line num="2" count="3" type="stmt"/>
      <line num="3" count="3" type="stmt"/>
      <line num="5" count="3" type="stmt"/>
      <line num="6" count="3" type="stmt"/>
      <line num="8" count="3" type="stmt"/>
      <line num="9" count="3" type="stmt"/>
      <line num="11" count="3" type="cond" truecount="2" falsecount="0"/>
      <line num="14" count="3" type="stmt"/>
      <line num="36" count="3" type="stmt"/>
      <line num="53" count="3" type="stmt"/>
      <line num="191" count="3" type="stmt"/>
      <line num="213" count="3" type="stmt"/>
      <line num="214" count="4" type="stmt"/>
      <line num="215" count="4" type="cond" truecount="4" falsecount="0"/>
      <line num="216" count="4" type="cond" truecount="4" falsecount="0"/>
      <line num="217" count="4" type="cond" truecount="5" falsecount="0"/>
      <line num="218" count="1" type="stmt"/>
      <line num="220" count="4" type="cond" truecount="4" falsecount="0"/>
      <line num="221" count="4" type="cond" truecount="4" falsecount="0"/>
      <line num="222" count="4" type="cond" truecount="4" falsecount="0"/>
      <line num="223" count="1" type="stmt"/>
      <line num="224" count="4" type="stmt"/>
      <line num="227" count="3" type="stmt"/>
      <line num="228" count="3" type="stmt"/>
      <line num="229" count="3" type="cond" truecount="4" falsecount="0"/>
      <line num="230" count="3" type="cond" truecount="5" falsecount="0"/>
      <line num="231" count="1" type="stmt"/>
      <line num="232" count="3" type="cond" truecount="4" falsecount="0"/>
      <line num="233" count="3" type="cond" truecount="5" falsecount="0"/>
      <line num="234" count="1" type="stmt"/>
      <line num="235" count="3" type="stmt"/>
      <line num="239" count="3" type="stmt"/>
      <line num="240" count="2" type="stmt"/>
      <line num="244" count="3" type="stmt"/>
      <line num="245" count="4" type="stmt"/>
      <line num="246" count="4" type="cond" truecount="2" falsecount="0"/>
      <line num="247" count="1" type="stmt"/>
      <line num="250" count="3" type="stmt"/>
      <line num="255" count="3" type="stmt"/>
      <line num="256" count="3" type="stmt"/>
      <line num="260" count="3" type="stmt"/>
      <line num="261" count="2" type="stmt"/>
      <line num="262" count="7" type="stmt"/>
      <line num="264" count="2" type="cond" truecount="2" falsecount="0"/>
      <line num="265" count="1" type="stmt"/>
      <line num="268" count="4" type="stmt"/>
      <line num="269" count="1" type="stmt"/>
      <line num="277" count="3" type="stmt"/>
      <line num="278" count="0" type="stmt"/>
      <line num="281" count="3" type="stmt"/>
      <line num="282" count="0" type="stmt"/>
      <line num="287" count="0" type="stmt"/>
      <line num="288" count="0" type="stmt"/>
      <line num="297" count="3" type="stmt"/>
      <line num="298" count="2" type="stmt"/>
      <line num="301" count="3" type="stmt"/>
      <line num="302" count="1" type="stmt"/>
      <line num="306" count="3" type="stmt"/>
      <line num="307" count="3" type="stmt"/>
      <line num="308" count="3" type="cond" truecount="2" falsecount="0"/>
      <line num="309" count="1" type="stmt"/>
      <line num="312" count="2" type="stmt"/>
      <line num="317" count="2" type="stmt"/>
      <line num="318" count="2" type="stmt"/>
      <line num="322" count="3" type="stmt"/>
      <line num="323" count="2" type="stmt"/>
      <line num="325" count="2" type="stmt"/>
      <line num="326" count="3" type="stmt"/>
      <line num="327" count="9" type="stmt"/>
      <line num="328" count="6" type="stmt"/>
      <line num="330" count="6" type="cond" truecount="4" falsecount="0"/>
      <line num="331" count="3" type="stmt"/>
      <line num="336" count="2" type="cond" truecount="2" falsecount="0"/>
      <line num="337" count="1" type="stmt"/>
      <line num="340" count="1" type="stmt"/>
      <line num="344" count="3" type="stmt"/>
      <line num="345" count="1" type="stmt"/>
      <line num="346" count="1" type="stmt"/>
      <line num="347" count="1" type="stmt"/>
      <line num="351" count="3" type="stmt"/>
      <line num="352" count="0" type="stmt"/>
      <line num="353" count="0" type="stmt"/>
      <line num="354" count="0" type="stmt"/>
      <line num="358" count="3" type="stmt"/>
      <line num="359" count="1" type="stmt"/>
      <line num="360" count="1" type="stmt"/>
      <line num="361" count="1" type="stmt"/>
      <line num="365" count="3" type="cond" truecount="1" falsecount="1"/>
      <line num="366" count="0" type="stmt"/>
      <line num="367" count="0" type="stmt"/>
      <line num="372" count="3" type="stmt"/>
    </file>
  </project>
</coverage>
