{"C:\\Users\\rrerusu\\Documents\\classes\\7 Spring 2024\\COSC 4353\\Assignment 1\\backend-modules\\server.js": {"path":"C:\\Users\\rrerusu\\Documents\\classes\\7 Spring 2024\\COSC 4353\\Assignment 1\\backend-modules\\server.js","statementMap":{"0":{"start":{"line":1,"column":16},"end":{"line":1,"column":34}},"1":{"start":{"line":2,"column":13},"end":{"line":2,"column":28}},"2":{"start":{"line":3,"column":13},"end":{"line":3,"column":28}},"3":{"start":{"line":5,"column":12},"end":{"line":5,"column":21}},"4":{"start":{"line":6,"column":15},"end":{"line":6,"column":37}},"5":{"start":{"line":8,"column":0},"end":{"line":8,"column":16}},"6":{"start":{"line":9,"column":0},"end":{"line":9,"column":24}},"7":{"start":{"line":11,"column":13},"end":{"line":11,"column":37}},"8":{"start":{"line":14,"column":13},"end":{"line":33,"column":1}},"9":{"start":{"line":36,"column":17},"end":{"line":51,"column":1}},"10":{"start":{"line":53,"column":23},"end":{"line":189,"column":1}},"11":{"start":{"line":191,"column":22},"end":{"line":210,"column":1}},"12":{"start":{"line":213,"column":22},"end":{"line":225,"column":1}},"13":{"start":{"line":214,"column":17},"end":{"line":214,"column":19}},"14":{"start":{"line":215,"column":4},"end":{"line":215,"column":86}},"15":{"start":{"line":215,"column":51},"end":{"line":215,"column":86}},"16":{"start":{"line":216,"column":4},"end":{"line":216,"column":98}},"17":{"start":{"line":216,"column":57},"end":{"line":216,"column":98}},"18":{"start":{"line":217,"column":4},"end":{"line":218,"column":60}},"19":{"start":{"line":218,"column":2},"end":{"line":218,"column":60}},"20":{"start":{"line":220,"column":4},"end":{"line":220,"column":98}},"21":{"start":{"line":220,"column":55},"end":{"line":220,"column":98}},"22":{"start":{"line":221,"column":4},"end":{"line":221,"column":82}},"23":{"start":{"line":221,"column":49},"end":{"line":221,"column":82}},"24":{"start":{"line":222,"column":4},"end":{"line":223,"column":45}},"25":{"start":{"line":223,"column":6},"end":{"line":223,"column":45}},"26":{"start":{"line":224,"column":4},"end":{"line":224,"column":18}},"27":{"start":{"line":227,"column":26},"end":{"line":236,"column":1}},"28":{"start":{"line":228,"column":15},"end":{"line":228,"column":17}},"29":{"start":{"line":229,"column":2},"end":{"line":229,"column":88}},"30":{"start":{"line":229,"column":55},"end":{"line":229,"column":88}},"31":{"start":{"line":230,"column":2},"end":{"line":231,"column":53}},"32":{"start":{"line":231,"column":4},"end":{"line":231,"column":53}},"33":{"start":{"line":232,"column":2},"end":{"line":232,"column":104}},"34":{"start":{"line":232,"column":63},"end":{"line":232,"column":104}},"35":{"start":{"line":233,"column":2},"end":{"line":234,"column":53}},"36":{"start":{"line":234,"column":4},"end":{"line":234,"column":53}},"37":{"start":{"line":235,"column":2},"end":{"line":235,"column":16}},"38":{"start":{"line":239,"column":0},"end":{"line":241,"column":3}},"39":{"start":{"line":240,"column":2},"end":{"line":240,"column":19}},"40":{"start":{"line":244,"column":0},"end":{"line":257,"column":3}},"41":{"start":{"line":245,"column":15},"end":{"line":245,"column":38}},"42":{"start":{"line":246,"column":2},"end":{"line":248,"column":3}},"43":{"start":{"line":247,"column":4},"end":{"line":247,"column":44}},"44":{"start":{"line":250,"column":19},"end":{"line":253,"column":3}},"45":{"start":{"line":255,"column":2},"end":{"line":255,"column":24}},"46":{"start":{"line":256,"column":2},"end":{"line":256,"column":84}},"47":{"start":{"line":260,"column":0},"end":{"line":270,"column":3}},"48":{"start":{"line":261,"column":18},"end":{"line":261,"column":41}},"49":{"start":{"line":262,"column":22},"end":{"line":262,"column":64}},"50":{"start":{"line":262,"column":43},"end":{"line":262,"column":63}},"51":{"start":{"line":264,"column":2},"end":{"line":266,"column":3}},"52":{"start":{"line":265,"column":4},"end":{"line":265,"column":64}},"53":{"start":{"line":268,"column":2},"end":{"line":268,"column":56}},"54":{"start":{"line":268,"column":34},"end":{"line":268,"column":54}},"55":{"start":{"line":269,"column":2},"end":{"line":269,"column":54}},"56":{"start":{"line":277,"column":0},"end":{"line":279,"column":3}},"57":{"start":{"line":278,"column":4},"end":{"line":278,"column":28}},"58":{"start":{"line":281,"column":0},"end":{"line":289,"column":3}},"59":{"start":{"line":282,"column":28},"end":{"line":285,"column":5}},"60":{"start":{"line":287,"column":4},"end":{"line":287,"column":40}},"61":{"start":{"line":288,"column":4},"end":{"line":288,"column":107}},"62":{"start":{"line":297,"column":0},"end":{"line":299,"column":3}},"63":{"start":{"line":298,"column":2},"end":{"line":298,"column":23}},"64":{"start":{"line":301,"column":0},"end":{"line":303,"column":3}},"65":{"start":{"line":302,"column":2},"end":{"line":302,"column":29}},"66":{"start":{"line":306,"column":0},"end":{"line":319,"column":3}},"67":{"start":{"line":307,"column":15},"end":{"line":307,"column":42}},"68":{"start":{"line":308,"column":2},"end":{"line":310,"column":3}},"69":{"start":{"line":309,"column":4},"end":{"line":309,"column":44}},"70":{"start":{"line":312,"column":23},"end":{"line":315,"column":3}},"71":{"start":{"line":317,"column":2},"end":{"line":317,"column":32}},"72":{"start":{"line":318,"column":2},"end":{"line":318,"column":99}},"73":{"start":{"line":322,"column":0},"end":{"line":341,"column":3}},"74":{"start":{"line":323,"column":16},"end":{"line":323,"column":18}},"75":{"start":{"line":325,"column":2},"end":{"line":334,"column":5}},"76":{"start":{"line":326,"column":4},"end":{"line":333,"column":7}},"77":{"start":{"line":327,"column":32},"end":{"line":327,"column":101}},"78":{"start":{"line":327,"column":63},"end":{"line":327,"column":100}},"79":{"start":{"line":328,"column":23},"end":{"line":328,"column":60}},"80":{"start":{"line":330,"column":6},"end":{"line":332,"column":7}},"81":{"start":{"line":331,"column":8},"end":{"line":331,"column":72}},"82":{"start":{"line":336,"column":2},"end":{"line":338,"column":3}},"83":{"start":{"line":337,"column":4},"end":{"line":337,"column":77}},"84":{"start":{"line":340,"column":2},"end":{"line":340,"column":24}},"85":{"start":{"line":344,"column":0},"end":{"line":348,"column":3}},"86":{"start":{"line":345,"column":2},"end":{"line":345,"column":24}},"87":{"start":{"line":346,"column":2},"end":{"line":346,"column":43}},"88":{"start":{"line":347,"column":2},"end":{"line":347,"column":50}},"89":{"start":{"line":351,"column":0},"end":{"line":355,"column":3}},"90":{"start":{"line":352,"column":2},"end":{"line":352,"column":32}},"91":{"start":{"line":353,"column":2},"end":{"line":353,"column":51}},"92":{"start":{"line":354,"column":2},"end":{"line":354,"column":58}},"93":{"start":{"line":358,"column":0},"end":{"line":362,"column":3}},"94":{"start":{"line":359,"column":2},"end":{"line":359,"column":20}},"95":{"start":{"line":360,"column":2},"end":{"line":360,"column":39}},"96":{"start":{"line":361,"column":2},"end":{"line":361,"column":46}},"97":{"start":{"line":365,"column":0},"end":{"line":369,"column":1}},"98":{"start":{"line":366,"column":2},"end":{"line":368,"column":5}},"99":{"start":{"line":367,"column":4},"end":{"line":367,"column":62}},"100":{"start":{"line":372,"column":0},"end":{"line":372,"column":21}}},"fnMap":{"0":{"name":"(anonymous_0)","decl":{"start":{"line":213,"column":22},"end":{"line":213,"column":23}},"loc":{"start":{"line":213,"column":33},"end":{"line":225,"column":1}},"line":213},"1":{"name":"(anonymous_1)","decl":{"start":{"line":227,"column":26},"end":{"line":227,"column":27}},"loc":{"start":{"line":227,"column":41},"end":{"line":236,"column":1}},"line":227},"2":{"name":"(anonymous_2)","decl":{"start":{"line":239,"column":23},"end":{"line":239,"column":24}},"loc":{"start":{"line":239,"column":37},"end":{"line":241,"column":1}},"line":239},"3":{"name":"(anonymous_3)","decl":{"start":{"line":244,"column":24},"end":{"line":244,"column":25}},"loc":{"start":{"line":244,"column":38},"end":{"line":257,"column":1}},"line":244},"4":{"name":"(anonymous_4)","decl":{"start":{"line":260,"column":30},"end":{"line":260,"column":31}},"loc":{"start":{"line":260,"column":44},"end":{"line":270,"column":1}},"line":260},"5":{"name":"(anonymous_5)","decl":{"start":{"line":262,"column":34},"end":{"line":262,"column":35}},"loc":{"start":{"line":262,"column":43},"end":{"line":262,"column":63}},"line":262},"6":{"name":"(anonymous_6)","decl":{"start":{"line":268,"column":25},"end":{"line":268,"column":26}},"loc":{"start":{"line":268,"column":34},"end":{"line":268,"column":54}},"line":268},"7":{"name":"(anonymous_7)","decl":{"start":{"line":277,"column":30},"end":{"line":277,"column":31}},"loc":{"start":{"line":277,"column":44},"end":{"line":279,"column":1}},"line":277},"8":{"name":"(anonymous_8)","decl":{"start":{"line":281,"column":31},"end":{"line":281,"column":32}},"loc":{"start":{"line":281,"column":45},"end":{"line":289,"column":1}},"line":281},"9":{"name":"(anonymous_9)","decl":{"start":{"line":297,"column":27},"end":{"line":297,"column":28}},"loc":{"start":{"line":297,"column":41},"end":{"line":299,"column":1}},"line":297},"10":{"name":"(anonymous_10)","decl":{"start":{"line":301,"column":34},"end":{"line":301,"column":35}},"loc":{"start":{"line":301,"column":48},"end":{"line":303,"column":1}},"line":301},"11":{"name":"(anonymous_11)","decl":{"start":{"line":306,"column":28},"end":{"line":306,"column":29}},"loc":{"start":{"line":306,"column":42},"end":{"line":319,"column":1}},"line":306},"12":{"name":"(anonymous_12)","decl":{"start":{"line":322,"column":33},"end":{"line":322,"column":34}},"loc":{"start":{"line":322,"column":47},"end":{"line":341,"column":1}},"line":322},"13":{"name":"(anonymous_13)","decl":{"start":{"line":325,"column":21},"end":{"line":325,"column":22}},"loc":{"start":{"line":325,"column":34},"end":{"line":334,"column":3}},"line":325},"14":{"name":"(anonymous_14)","decl":{"start":{"line":326,"column":19},"end":{"line":326,"column":20}},"loc":{"start":{"line":326,"column":28},"end":{"line":333,"column":5}},"line":326},"15":{"name":"(anonymous_15)","decl":{"start":{"line":327,"column":54},"end":{"line":327,"column":55}},"loc":{"start":{"line":327,"column":63},"end":{"line":327,"column":100}},"line":327},"16":{"name":"(anonymous_16)","decl":{"start":{"line":344,"column":36},"end":{"line":344,"column":37}},"loc":{"start":{"line":344,"column":50},"end":{"line":348,"column":1}},"line":344},"17":{"name":"(anonymous_17)","decl":{"start":{"line":351,"column":44},"end":{"line":351,"column":45}},"loc":{"start":{"line":351,"column":58},"end":{"line":355,"column":1}},"line":351},"18":{"name":"(anonymous_18)","decl":{"start":{"line":358,"column":32},"end":{"line":358,"column":33}},"loc":{"start":{"line":358,"column":46},"end":{"line":362,"column":1}},"line":358},"19":{"name":"(anonymous_19)","decl":{"start":{"line":366,"column":22},"end":{"line":366,"column":23}},"loc":{"start":{"line":366,"column":28},"end":{"line":368,"column":3}},"line":366}},"branchMap":{"0":{"loc":{"start":{"line":11,"column":13},"end":{"line":11,"column":37}},"type":"binary-expr","locations":[{"start":{"line":11,"column":13},"end":{"line":11,"column":29}},{"start":{"line":11,"column":33},"end":{"line":11,"column":37}}],"line":11},"1":{"loc":{"start":{"line":215,"column":4},"end":{"line":215,"column":86}},"type":"if","locations":[{"start":{"line":215,"column":4},"end":{"line":215,"column":86}},{"start":{},"end":{}}],"line":215},"2":{"loc":{"start":{"line":215,"column":8},"end":{"line":215,"column":49}},"type":"binary-expr","locations":[{"start":{"line":215,"column":8},"end":{"line":215,"column":20}},{"start":{"line":215,"column":24},"end":{"line":215,"column":49}}],"line":215},"3":{"loc":{"start":{"line":216,"column":4},"end":{"line":216,"column":98}},"type":"if","locations":[{"start":{"line":216,"column":4},"end":{"line":216,"column":98}},{"start":{},"end":{}}],"line":216},"4":{"loc":{"start":{"line":216,"column":8},"end":{"line":216,"column":55}},"type":"binary-expr","locations":[{"start":{"line":216,"column":8},"end":{"line":216,"column":23}},{"start":{"line":216,"column":27},"end":{"line":216,"column":55}}],"line":216},"5":{"loc":{"start":{"line":217,"column":4},"end":{"line":218,"column":60}},"type":"if","locations":[{"start":{"line":217,"column":4},"end":{"line":218,"column":60}},{"start":{},"end":{}}],"line":217},"6":{"loc":{"start":{"line":217,"column":8},"end":{"line":217,"column":109}},"type":"binary-expr","locations":[{"start":{"line":217,"column":8},"end":{"line":217,"column":30}},{"start":{"line":217,"column":34},"end":{"line":217,"column":71}},{"start":{"line":217,"column":75},"end":{"line":217,"column":109}}],"line":217},"7":{"loc":{"start":{"line":220,"column":4},"end":{"line":220,"column":98}},"type":"if","locations":[{"start":{"line":220,"column":4},"end":{"line":220,"column":98}},{"start":{},"end":{}}],"line":220},"8":{"loc":{"start":{"line":220,"column":8},"end":{"line":220,"column":53}},"type":"binary-expr","locations":[{"start":{"line":220,"column":8},"end":{"line":220,"column":22}},{"start":{"line":220,"column":26},"end":{"line":220,"column":53}}],"line":220},"9":{"loc":{"start":{"line":221,"column":4},"end":{"line":221,"column":82}},"type":"if","locations":[{"start":{"line":221,"column":4},"end":{"line":221,"column":82}},{"start":{},"end":{}}],"line":221},"10":{"loc":{"start":{"line":221,"column":8},"end":{"line":221,"column":47}},"type":"binary-expr","locations":[{"start":{"line":221,"column":8},"end":{"line":221,"column":19}},{"start":{"line":221,"column":23},"end":{"line":221,"column":47}}],"line":221},"11":{"loc":{"start":{"line":222,"column":4},"end":{"line":223,"column":45}},"type":"if","locations":[{"start":{"line":222,"column":4},"end":{"line":223,"column":45}},{"start":{},"end":{}}],"line":222},"12":{"loc":{"start":{"line":222,"column":8},"end":{"line":222,"column":76}},"type":"binary-expr","locations":[{"start":{"line":222,"column":8},"end":{"line":222,"column":22}},{"start":{"line":222,"column":26},"end":{"line":222,"column":76}}],"line":222},"13":{"loc":{"start":{"line":229,"column":2},"end":{"line":229,"column":88}},"type":"if","locations":[{"start":{"line":229,"column":2},"end":{"line":229,"column":88}},{"start":{},"end":{}}],"line":229},"14":{"loc":{"start":{"line":229,"column":6},"end":{"line":229,"column":53}},"type":"binary-expr","locations":[{"start":{"line":229,"column":6},"end":{"line":229,"column":21}},{"start":{"line":229,"column":25},"end":{"line":229,"column":53}}],"line":229},"15":{"loc":{"start":{"line":230,"column":2},"end":{"line":231,"column":53}},"type":"if","locations":[{"start":{"line":230,"column":2},"end":{"line":231,"column":53}},{"start":{},"end":{}}],"line":230},"16":{"loc":{"start":{"line":230,"column":6},"end":{"line":230,"column":92}},"type":"binary-expr","locations":[{"start":{"line":230,"column":6},"end":{"line":230,"column":23}},{"start":{"line":230,"column":27},"end":{"line":230,"column":59}},{"start":{"line":230,"column":63},"end":{"line":230,"column":92}}],"line":230},"17":{"loc":{"start":{"line":232,"column":2},"end":{"line":232,"column":104}},"type":"if","locations":[{"start":{"line":232,"column":2},"end":{"line":232,"column":104}},{"start":{},"end":{}}],"line":232},"18":{"loc":{"start":{"line":232,"column":6},"end":{"line":232,"column":61}},"type":"binary-expr","locations":[{"start":{"line":232,"column":6},"end":{"line":232,"column":25}},{"start":{"line":232,"column":29},"end":{"line":232,"column":61}}],"line":232},"19":{"loc":{"start":{"line":233,"column":2},"end":{"line":234,"column":53}},"type":"if","locations":[{"start":{"line":233,"column":2},"end":{"line":234,"column":53}},{"start":{},"end":{}}],"line":233},"20":{"loc":{"start":{"line":233,"column":6},"end":{"line":233,"column":110}},"type":"binary-expr","locations":[{"start":{"line":233,"column":6},"end":{"line":233,"column":29}},{"start":{"line":233,"column":33},"end":{"line":233,"column":71}},{"start":{"line":233,"column":75},"end":{"line":233,"column":110}}],"line":233},"21":{"loc":{"start":{"line":246,"column":2},"end":{"line":248,"column":3}},"type":"if","locations":[{"start":{"line":246,"column":2},"end":{"line":248,"column":3}},{"start":{},"end":{}}],"line":246},"22":{"loc":{"start":{"line":264,"column":2},"end":{"line":266,"column":3}},"type":"if","locations":[{"start":{"line":264,"column":2},"end":{"line":266,"column":3}},{"start":{},"end":{}}],"line":264},"23":{"loc":{"start":{"line":308,"column":2},"end":{"line":310,"column":3}},"type":"if","locations":[{"start":{"line":308,"column":2},"end":{"line":310,"column":3}},{"start":{},"end":{}}],"line":308},"24":{"loc":{"start":{"line":330,"column":6},"end":{"line":332,"column":7}},"type":"if","locations":[{"start":{"line":330,"column":6},"end":{"line":332,"column":7}},{"start":{},"end":{}}],"line":330},"25":{"loc":{"start":{"line":330,"column":10},"end":{"line":330,"column":39}},"type":"binary-expr","locations":[{"start":{"line":330,"column":10},"end":{"line":330,"column":27}},{"start":{"line":330,"column":31},"end":{"line":330,"column":39}}],"line":330},"26":{"loc":{"start":{"line":336,"column":2},"end":{"line":338,"column":3}},"type":"if","locations":[{"start":{"line":336,"column":2},"end":{"line":338,"column":3}},{"start":{},"end":{}}],"line":336},"27":{"loc":{"start":{"line":365,"column":0},"end":{"line":369,"column":1}},"type":"if","locations":[{"start":{"line":365,"column":0},"end":{"line":369,"column":1}},{"start":{},"end":{}}],"line":365}},"s":{"0":3,"1":3,"2":3,"3":3,"4":3,"5":3,"6":3,"7":3,"8":3,"9":3,"10":3,"11":3,"12":3,"13":4,"14":4,"15":1,"16":4,"17":1,"18":4,"19":1,"20":4,"21":1,"22":4,"23":1,"24":4,"25":1,"26":4,"27":3,"28":3,"29":3,"30":1,"31":3,"32":1,"33":3,"34":1,"35":3,"36":1,"37":3,"38":3,"39":2,"40":3,"41":4,"42":4,"43":1,"44":3,"45":3,"46":3,"47":3,"48":2,"49":2,"50":7,"51":2,"52":1,"53":1,"54":4,"55":1,"56":3,"57":0,"58":3,"59":0,"60":0,"61":0,"62":3,"63":2,"64":3,"65":1,"66":3,"67":3,"68":3,"69":1,"70":2,"71":2,"72":2,"73":3,"74":2,"75":2,"76":3,"77":6,"78":9,"79":6,"80":6,"81":3,"82":2,"83":1,"84":1,"85":3,"86":1,"87":1,"88":1,"89":3,"90":0,"91":0,"92":0,"93":3,"94":1,"95":1,"96":1,"97":3,"98":0,"99":0,"100":3},"f":{"0":4,"1":3,"2":2,"3":4,"4":2,"5":7,"6":4,"7":0,"8":0,"9":2,"10":1,"11":3,"12":2,"13":3,"14":6,"15":9,"16":1,"17":0,"18":1,"19":0},"b":{"0":[3,3],"1":[1,3],"2":[4,3],"3":[1,3],"4":[4,3],"5":[1,3],"6":[4,3,3],"7":[1,3],"8":[4,3],"9":[1,3],"10":[4,3],"11":[1,3],"12":[4,3],"13":[1,2],"14":[3,2],"15":[1,2],"16":[3,2,2],"17":[1,2],"18":[3,2],"19":[1,2],"20":[3,2,2],"21":[1,3],"22":[1,1],"23":[1,2],"24":[3,3],"25":[6,3],"26":[1,1],"27":[0,3]},"_coverageSchema":"1a1c01bbd47fc00a2c39e90264f33305004495a9","hash":"f8cee621e621c66076e263371275d320f5b9b1b9"}
}
