TN:
SF:server.js
FN:213,(anonymous_0)
FN:227,(anonymous_1)
FN:239,(anonymous_2)
FN:244,(anonymous_3)
FN:260,(anonymous_4)
FN:262,(anonymous_5)
FN:268,(anonymous_6)
FN:277,(anonymous_7)
FN:281,(anonymous_8)
FN:297,(anonymous_9)
FN:301,(anonymous_10)
FN:306,(anonymous_11)
FN:322,(anonymous_12)
FN:325,(anonymous_13)
FN:326,(anonymous_14)
FN:327,(anonymous_15)
FN:344,(anonymous_16)
FN:351,(anonymous_17)
FN:358,(anonymous_18)
FN:366,(anonymous_19)
FNF:20
FNH:16
FNDA:4,(anonymous_0)
FNDA:3,(anonymous_1)
FNDA:2,(anonymous_2)
FNDA:4,(anonymous_3)
FNDA:2,(anonymous_4)
FNDA:7,(anonymous_5)
FNDA:4,(anonymous_6)
FNDA:0,(anonymous_7)
FNDA:0,(anonymous_8)
FNDA:2,(anonymous_9)
FNDA:1,(anonymous_10)
FNDA:3,(anonymous_11)
FNDA:2,(anonymous_12)
FNDA:3,(anonymous_13)
FNDA:6,(anonymous_14)
FNDA:9,(anonymous_15)
FNDA:1,(anonymous_16)
FNDA:0,(anonymous_17)
FNDA:1,(anonymous_18)
FNDA:0,(anonymous_19)
DA:1,3
DA:2,3
DA:3,3
DA:5,3
DA:6,3
DA:8,3
DA:9,3
DA:11,3
DA:14,3
DA:36,3
DA:53,3
DA:191,3
DA:213,3
DA:214,4
DA:215,4
DA:216,4
DA:217,4
DA:218,1
DA:220,4
DA:221,4
DA:222,4
DA:223,1
DA:224,4
DA:227,3
DA:228,3
DA:229,3
DA:230,3
DA:231,1
DA:232,3
DA:233,3
DA:234,1
DA:235,3
DA:239,3
DA:240,2
DA:244,3
DA:245,4
DA:246,4
DA:247,1
DA:250,3
DA:255,3
DA:256,3
DA:260,3
DA:261,2
DA:262,7
DA:264,2
DA:265,1
DA:268,4
DA:269,1
DA:277,3
DA:278,0
DA:281,3
DA:282,0
DA:287,0
DA:288,0
DA:297,3
DA:298,2
DA:301,3
DA:302,1
DA:306,3
DA:307,3
DA:308,3
DA:309,1
DA:312,2
DA:317,2
DA:318,2
DA:322,3
DA:323,2
DA:325,2
DA:326,3
DA:327,9
DA:328,6
DA:330,6
DA:331,3
DA:336,2
DA:337,1
DA:340,1
DA:344,3
DA:345,1
DA:346,1
DA:347,1
DA:351,3
DA:352,0
DA:353,0
DA:354,0
DA:358,3
DA:359,1
DA:360,1
DA:361,1
DA:365,3
DA:366,0
DA:367,0
DA:372,3
LF:92
LH:83
BRDA:11,0,0,3
BRDA:11,0,1,3
BRDA:215,1,0,1
BRDA:215,1,1,3
BRDA:215,2,0,4
BRDA:215,2,1,3
BRDA:216,3,0,1
BRDA:216,3,1,3
BRDA:216,4,0,4
BRDA:216,4,1,3
BRDA:217,5,0,1
BRDA:217,5,1,3
BRDA:217,6,0,4
BRDA:217,6,1,3
BRDA:217,6,2,3
BRDA:220,7,0,1
BRDA:220,7,1,3
BRDA:220,8,0,4
BRDA:220,8,1,3
BRDA:221,9,0,1
BRDA:221,9,1,3
BRDA:221,10,0,4
BRDA:221,10,1,3
BRDA:222,11,0,1
BRDA:222,11,1,3
BRDA:222,12,0,4
BRDA:222,12,1,3
BRDA:229,13,0,1
BRDA:229,13,1,2
BRDA:229,14,0,3
BRDA:229,14,1,2
BRDA:230,15,0,1
BRDA:230,15,1,2
BRDA:230,16,0,3
BRDA:230,16,1,2
BRDA:230,16,2,2
BRDA:232,17,0,1
BRDA:232,17,1,2
BRDA:232,18,0,3
BRDA:232,18,1,2
BRDA:233,19,0,1
BRDA:233,19,1,2
BRDA:233,20,0,3
BRDA:233,20,1,2
BRDA:233,20,2,2
BRDA:246,21,0,1
BRDA:246,21,1,3
BRDA:264,22,0,1
BRDA:264,22,1,1
BRDA:308,23,0,1
BRDA:308,23,1,2
BRDA:330,24,0,3
BRDA:330,24,1,3
BRDA:330,25,0,6
BRDA:330,25,1,3
BRDA:336,26,0,1
BRDA:336,26,1,1
BRDA:365,27,0,0
BRDA:365,27,1,3
BRF:59
BRH:58
end_of_record
