TN:
SF:db.js
FN:3,(anonymous_0)
FNF:1
FNH:1
FNDA:1,(anonymous_0)
DA:1,1
DA:3,1
DA:4,1
DA:5,1
DA:9,0
DA:11,0
DA:12,0
DA:16,1
LF:8
LH:5
BRF:0
BRH:0
end_of_record
TN:
SF:models.js
FNF:0
FNH:0
DA:1,1
DA:4,1
DA:11,1
DA:25,1
DA:35,1
DA:43,1
DA:49,1
DA:50,1
DA:51,1
DA:52,1
DA:53,1
DA:55,1
LF:12
LH:12
BRF:0
BRH:0
end_of_record
TN:
SF:server.js
FN:25,(anonymous_0)
FN:36,(anonymous_1)
FN:47,(anonymous_2)
FN:58,(anonymous_3)
FN:69,(anonymous_4)
FN:84,(anonymous_5)
FN:111,(anonymous_6)
FN:146,(anonymous_7)
FNF:8
FNH:0
FNDA:0,(anonymous_0)
FNDA:0,(anonymous_1)
FNDA:0,(anonymous_2)
FNDA:0,(anonymous_3)
FNDA:0,(anonymous_4)
FNDA:0,(anonymous_5)
FNDA:0,(anonymous_6)
FNDA:0,(anonymous_7)
DA:1,1
DA:2,1
DA:3,1
DA:4,1
DA:5,1
DA:6,1
DA:8,1
DA:10,1
DA:16,1
DA:17,1
DA:20,1
DA:25,1
DA:26,0
DA:27,0
DA:28,0
DA:30,0
DA:31,0
DA:36,1
DA:37,0
DA:38,0
DA:39,0
DA:41,0
DA:42,0
DA:47,1
DA:48,0
DA:49,0
DA:50,0
DA:52,0
DA:53,0
DA:58,1
DA:59,0
DA:60,0
DA:61,0
DA:63,0
DA:64,0
DA:69,1
DA:70,0
DA:71,0
DA:72,0
DA:74,0
DA:75,0
DA:84,1
DA:85,0
DA:88,0
DA:89,0
DA:90,0
DA:94,0
DA:97,0
DA:103,0
DA:104,0
DA:105,0
DA:107,0
DA:111,1
DA:112,0
DA:114,0
DA:115,0
DA:117,0
DA:118,0
DA:121,0
DA:123,0
DA:124,0
DA:127,0
DA:129,0
DA:135,0
DA:136,0
DA:145,1
DA:146,1
DA:147,0
LF:68
LH:20
BRDA:89,0,0,0
BRDA:89,0,1,0
BRDA:117,1,0,0
BRDA:117,1,1,0
BRDA:123,2,0,0
BRDA:123,2,1,0
BRDA:145,3,0,1
BRDA:145,3,1,1
BRF:8
BRH:2
end_of_record
